-encoding
UTF-8
-outxml
-source
1.6
-target
1.6
-classpath
C:\Users\ODC\.m2\repository\aopalliance\aopalliance\1.0\aopalliance-1.0.jar;C:\Users\ODC\.m2\repository\cglib\cglib-nodep\2.2.2\cglib-nodep-2.2.2.jar;C:\Users\ODC\.m2\repository\commonj\sdo\commonj.sdo\2.1.1.v201112051852\commonj.sdo-2.1.1.v201112051852.jar;C:\Users\ODC\.m2\repository\commons-beanutils\commons-beanutils\1.8.3\commons-beanutils-1.8.3.jar;C:\Users\ODC\.m2\repository\commons-codec\commons-codec\1.5\commons-codec-1.5.jar;C:\Users\ODC\.m2\repository\commons-dbcp\commons-dbcp\1.3\commons-dbcp-1.3.jar;C:\Users\ODC\.m2\repository\commons-digester\commons-digester\2.1\commons-digester-2.1.jar;C:\Users\ODC\.m2\repository\commons-fileupload\commons-fileupload\1.2.2\commons-fileupload-1.2.2.jar;C:\Users\ODC\.m2\repository\commons-io\commons-io\2.1\commons-io-2.1.jar;C:\Users\ODC\.m2\repository\commons-pool\commons-pool\1.5.6\commons-pool-1.5.6.jar;C:\Users\ODC\.m2\repository\javax\el\el-api\2.2\el-api-2.2.jar;C:\Users\ODC\.m2\repository\javax\servlet\servlet-api\2.5\servlet-api-2.5.jar;C:\Users\ODC\.m2\repository\javax\servlet\jsp\jsp-api\2.1\jsp-api-2.1.jar;C:\Users\ODC\.m2\repository\javax\servlet\jsp\jstl\jstl-api\1.2\jstl-api-1.2.jar;C:\Users\ODC\.m2\repository\javax\transaction\jta\1.1\jta-1.1.jar;C:\Users\ODC\.m2\repository\javax\validation\validation-api\1.0.0.GA\validation-api-1.0.0.GA.jar;C:\Users\ODC\.m2\repository\joda-time\joda-time\1.6\joda-time-1.6.jar;C:\Users\ODC\.m2\repository\junit\junit\4.10\junit-4.10.jar;C:\Users\ODC\.m2\repository\log4j\log4j\1.2.16\log4j-1.2.16.jar;C:\Users\ODC\.m2\repository\mysql\mysql-connector-java\5.1.18\mysql-connector-java-5.1.18.jar;C:\Users\ODC\.m2\repository\net\sf\flexjson\flexjson\2.1\flexjson-2.1.jar;C:\Users\ODC\.m2\repository\org\apache\commons\commons-lang3\3.1\commons-lang3-3.1.jar;C:\Users\ODC\.m2\repository\org\apache\tiles\tiles-api\2.2.2\tiles-api-2.2.2.jar;C:\Users\ODC\.m2\repository\org\apache\tiles\tiles-core\2.2.2\tiles-core-2.2.2.jar;C:\Users\ODC\.m2\repository\org\apache\tiles\tiles-jsp\2.2.2\tiles-jsp-2.2.2.jar;C:\Users\ODC\.m2\repository\org\apache\tiles\tiles-servlet\2.2.2\tiles-servlet-2.2.2.jar;C:\Users\ODC\.m2\repository\org\apache\tiles\tiles-template\2.2.2\tiles-template-2.2.2.jar;C:\Users\ODC\.m2\repository\org\aspectj\aspectjrt\1.7.0\aspectjrt-1.7.0.jar;C:\Users\ODC\.m2\repository\org\aspectj\aspectjweaver\1.7.0\aspectjweaver-1.7.0.jar;C:\Users\ODC\.m2\repository\org\eclipse\persistence\eclipselink\2.4.1\eclipselink-2.4.1.jar;C:\Users\ODC\.m2\repository\org\eclipse\persistence\javax.persistence\2.0.4.v201112161009\javax.persistence-2.0.4.v201112161009.jar;C:\Users\ODC\.m2\repository\org\glassfish\web\jstl-impl\1.2\jstl-impl-1.2.jar;C:\Users\ODC\.m2\repository\org\hibernate\hibernate-validator\4.3.1.Final\hibernate-validator-4.3.1.Final.jar;C:\Users\ODC\.m2\repository\org\jboss\logging\jboss-logging\3.1.0.CR2\jboss-logging-3.1.0.CR2.jar;C:\Users\ODC\.m2\repository\org\slf4j\jcl-over-slf4j\1.7.2\jcl-over-slf4j-1.7.2.jar;C:\Users\ODC\.m2\repository\org\slf4j\slf4j-api\1.7.2\slf4j-api-1.7.2.jar;C:\Users\ODC\.m2\repository\org\slf4j\slf4j-log4j12\1.7.2\slf4j-log4j12-1.7.2.jar;C:\Users\ODC\.m2\repository\org\springframework\spring-aop\3.2.0.RELEASE\spring-aop-3.2.0.RELEASE.jar;C:\Users\ODC\.m2\repository\org\springframework\spring-aspects\3.2.0.RELEASE\spring-aspects-3.2.0.RELEASE.jar;C:\Users\ODC\.m2\repository\org\springframework\spring-beans\3.2.0.RELEASE\spring-beans-3.2.0.RELEASE.jar;C:\Users\ODC\.m2\repository\org\springframework\spring-context\3.2.0.RELEASE\spring-context-3.2.0.RELEASE.jar;C:\Users\ODC\.m2\repository\org\springframework\spring-context-support\3.2.0.RELEASE\spring-context-support-3.2.0.RELEASE.jar;C:\Users\ODC\.m2\repository\org\springframework\spring-core\3.2.0.RELEASE\spring-core-3.2.0.RELEASE.jar;C:\Users\ODC\.m2\repository\org\springframework\spring-expression\3.2.0.RELEASE\spring-expression-3.2.0.RELEASE.jar;C:\Users\ODC\.m2\repository\org\springframework\spring-jdbc\3.2.0.RELEASE\spring-jdbc-3.2.0.RELEASE.jar;C:\Users\ODC\.m2\repository\org\springframework\spring-orm\3.2.0.RELEASE\spring-orm-3.2.0.RELEASE.jar;C:\Users\ODC\.m2\repository\org\springframework\spring-test\3.2.0.RELEASE\spring-test-3.2.0.RELEASE.jar;C:\Users\ODC\.m2\repository\org\springframework\spring-tx\3.2.0.RELEASE\spring-tx-3.2.0.RELEASE.jar;C:\Users\ODC\.m2\repository\org\springframework\spring-web\3.2.0.RELEASE\spring-web-3.2.0.RELEASE.jar;C:\Users\ODC\.m2\repository\org\springframework\spring-webmvc\3.2.0.RELEASE\spring-webmvc-3.2.0.RELEASE.jar;C:\Users\ODC\.m2\repository\org\springframework\data\spring-data-commons-core\1.4.0.RELEASE\spring-data-commons-core-1.4.0.RELEASE.jar;C:\Users\ODC\.m2\repository\org\springframework\data\spring-data-jpa\1.2.0.RELEASE\spring-data-jpa-1.2.0.RELEASE.jar;C:\Users\ODC\.m2\repository\org\springframework\roo\org.springframework.roo.annotations\1.2.3.RELEASE\org.springframework.roo.annotations-1.2.3.RELEASE.jar;C:\Users\ODC\.m2\repository\org\springframework\webflow\spring-js-resources\2.2.1.RELEASE\spring-js-resources-2.2.1.RELEASE.jar;C:\Users\ODC\Documents\GitHub\mcfteam\target\classes
-aspectpath
C:\Users\ODC\.m2\repository\org\springframework\spring-aspects\3.2.0.RELEASE\spring-aspects-3.2.0.RELEASE.jar
-d
C:\Users\ODC\Documents\GitHub\mcfteam\target\classes
C:\Users\ODC\Documents\GitHub\mcfteam\src\main\java\com\mcf\team\Privilege_Roo_Configurable.aj
C:\Users\ODC\Documents\GitHub\mcfteam\src\main\java\com\mcf\team\UserRole_Roo_JavaBean.aj
C:\Users\ODC\Documents\GitHub\mcfteam\src\main\java\com\mcf\team\UserRole_Roo_ToString.aj
C:\Users\ODC\Documents\GitHub\mcfteam\src\main\java\com\mcf\team\BidProject_Roo_Jpa_Entity.aj
C:\Users\ODC\Documents\GitHub\mcfteam\src\main\java\com\mcf\team\Profile.java
C:\Users\ODC\Documents\GitHub\mcfteam\src\main\java\com\mcf\team\Profile_Roo_JavaBean.aj
C:\Users\ODC\Documents\GitHub\mcfteam\src\main\java\com\mcf\team\web\PrivilegeController.java
C:\Users\ODC\Documents\GitHub\mcfteam\src\main\java\com\mcf\team\BidProject.java
C:\Users\ODC\Documents\GitHub\mcfteam\src\main\java\com\mcf\team\web\ProfileController.java
C:\Users\ODC\Documents\GitHub\mcfteam\src\main\java\com\mcf\team\Profile_Roo_Jpa_ActiveRecord.aj
C:\Users\ODC\Documents\GitHub\mcfteam\src\main\java\com\mcf\team\BidProject_Roo_Configurable.aj
C:\Users\ODC\Documents\GitHub\mcfteam\src\main\java\com\mcf\team\UserRole_Roo_Configurable.aj
C:\Users\ODC\Documents\GitHub\mcfteam\src\main\java\com\mcf\team\UserRole_Roo_Jpa_Entity.aj
C:\Users\ODC\Documents\GitHub\mcfteam\src\main\java\com\mcf\team\web\ProfileController_Roo_Controller.aj
C:\Users\ODC\Documents\GitHub\mcfteam\src\main\java\com\mcf\team\web\UserRoleController.java
C:\Users\ODC\Documents\GitHub\mcfteam\src\main\java\com\mcf\team\BidProject_Roo_JavaBean.aj
C:\Users\ODC\Documents\GitHub\mcfteam\src\main\java\com\mcf\team\web\ApplicationConversionServiceFactoryBean_Roo_ConversionService.aj
C:\Users\ODC\Documents\GitHub\mcfteam\src\main\java\com\mcf\team\Profile_Roo_Jpa_Entity.aj
C:\Users\ODC\Documents\GitHub\mcfteam\src\main\java\com\mcf\team\Profile_Roo_ToString.aj
C:\Users\ODC\Documents\GitHub\mcfteam\src\main\java\com\mcf\team\web\UserRoleController_Roo_Controller.aj
C:\Users\ODC\Documents\GitHub\mcfteam\src\main\java\com\mcf\team\web\BidProjectController.java
C:\Users\ODC\Documents\GitHub\mcfteam\src\main\java\com\mcf\team\Privilege.java
C:\Users\ODC\Documents\GitHub\mcfteam\src\main\java\com\mcf\team\BidProject_Roo_ToString.aj
C:\Users\ODC\Documents\GitHub\mcfteam\src\main\java\com\mcf\team\UserRole.java
C:\Users\ODC\Documents\GitHub\mcfteam\src\main\java\com\mcf\team\Privilege_Roo_ToString.aj
C:\Users\ODC\Documents\GitHub\mcfteam\src\main\java\com\mcf\team\Privilege_Roo_Jpa_Entity.aj
C:\Users\ODC\Documents\GitHub\mcfteam\src\main\java\com\mcf\team\web\BidProjectController_Roo_Controller.aj
C:\Users\ODC\Documents\GitHub\mcfteam\src\main\java\com\mcf\team\web\PrivilegeController_Roo_Controller.aj
C:\Users\ODC\Documents\GitHub\mcfteam\src\main\java\com\mcf\team\BidProject_Roo_Jpa_ActiveRecord.aj
C:\Users\ODC\Documents\GitHub\mcfteam\src\main\java\com\mcf\team\repository\BidProjectRepository.java
C:\Users\ODC\Documents\GitHub\mcfteam\src\main\java\com\mcf\team\repository\BidProjectRepository_Roo_Jpa_Repository.aj
C:\Users\ODC\Documents\GitHub\mcfteam\src\main\java\com\mcf\team\web\ApplicationConversionServiceFactoryBean.java
C:\Users\ODC\Documents\GitHub\mcfteam\src\main\java\com\mcf\team\Privilege_Roo_Jpa_ActiveRecord.aj
C:\Users\ODC\Documents\GitHub\mcfteam\src\main\java\com\mcf\team\Privilege_Roo_JavaBean.aj
C:\Users\ODC\Documents\GitHub\mcfteam\src\main\java\com\mcf\team\UserRole_Roo_Jpa_ActiveRecord.aj
C:\Users\ODC\Documents\GitHub\mcfteam\src\main\java\com\mcf\team\Profile_Roo_Configurable.aj
